e:\githubrepo\baekjoon10814\baekjoon10814\baekjoon10814\x64\debug\vc143.pdb
e:\githubrepo\baekjoon10814\baekjoon10814\baekjoon10814\x64\debug\vc143.idb
e:\githubrepo\baekjoon10814\baekjoon10814\baekjoon10814\x64\debug\baekjoon10814.obj
e:\githubrepo\baekjoon10814\baekjoon10814\x64\debug\baekjoon10814.pdb
e:\githubrepo\baekjoon10814\baekjoon10814\baekjoon10814\x64\debug\baekjoon10814.tlog\cl.command.1.tlog
e:\githubrepo\baekjoon10814\baekjoon10814\baekjoon10814\x64\debug\baekjoon10814.tlog\cl.read.1.tlog
e:\githubrepo\baekjoon10814\baekjoon10814\baekjoon10814\x64\debug\baekjoon10814.tlog\cl.write.1.tlog
e:\githubrepo\baekjoon10814\baekjoon10814\baekjoon10814\x64\debug\baekjoon10814.tlog\link-cvtres.read.1.tlog
e:\githubrepo\baekjoon10814\baekjoon10814\baekjoon10814\x64\debug\baekjoon10814.tlog\link-cvtres.write.1.tlog
e:\githubrepo\baekjoon10814\baekjoon10814\baekjoon10814\x64\debug\baekjoon10814.tlog\link-rc.read.1.tlog
e:\githubrepo\baekjoon10814\baekjoon10814\baekjoon10814\x64\debug\baekjoon10814.tlog\link-rc.write.1.tlog
e:\githubrepo\baekjoon10814\baekjoon10814\baekjoon10814\x64\debug\baekjoon10814.tlog\link.46632-cvtres.read.1.tlog
e:\githubrepo\baekjoon10814\baekjoon10814\baekjoon10814\x64\debug\baekjoon10814.tlog\link.46632-cvtres.write.1.tlog
e:\githubrepo\baekjoon10814\baekjoon10814\baekjoon10814\x64\debug\baekjoon10814.tlog\link.46632-rc.read.1.tlog
e:\githubrepo\baekjoon10814\baekjoon10814\baekjoon10814\x64\debug\baekjoon10814.tlog\link.46632-rc.write.1.tlog
e:\githubrepo\baekjoon10814\baekjoon10814\baekjoon10814\x64\debug\baekjoon10814.tlog\link.46632.read.1.tlog
e:\githubrepo\baekjoon10814\baekjoon10814\baekjoon10814\x64\debug\baekjoon10814.tlog\link.46632.read.2.tlog
e:\githubrepo\baekjoon10814\baekjoon10814\baekjoon10814\x64\debug\baekjoon10814.tlog\link.46632.write.1.tlog
e:\githubrepo\baekjoon10814\baekjoon10814\baekjoon10814\x64\debug\baekjoon10814.tlog\link.command.1.tlog
e:\githubrepo\baekjoon10814\baekjoon10814\baekjoon10814\x64\debug\baekjoon10814.tlog\link.read.1.tlog
e:\githubrepo\baekjoon10814\baekjoon10814\baekjoon10814\x64\debug\baekjoon10814.tlog\link.read.2.tlog
e:\githubrepo\baekjoon10814\baekjoon10814\baekjoon10814\x64\debug\baekjoon10814.tlog\link.write.1.tlog
